proguard-project.txt
# To enable ProGuard in your project, edit project.properties
# to define the proguard.config property as described in that file.
#
# Add project specific ProGuard rules here.
# By default, the flags in this file are appended to flags specified
# in ${sdk.dir}/tools/proguard/proguard-android.txt
# You can edit the include path and order by changing the ProGuard
# include property in project.properties.
#
# For more details, see
#   http://developer.android.com/guide/developing/tools/proguard.html

# Add any project specific keep options here:

# If your project uses WebView with JS, uncomment the following
# and specify the fully qualified class name to the JavaScript interface
# class:
#-keepclassmembers class fqcn.of.javascript.interface.for.webview {
#   public *;
#}

 -dontshrink
 -dontoptimize
 -dontwarn bolts.**
 -dontwarn com.google.android.maps.**
 -dontwarn android.webkit.WebView
 -dontwarn com.umeng.**
 -dontwarn com.tencent.weibo.sdk.**
 -dontwarn com.facebook.**
 -keep public class javax.**
 -keep public class android.webkit.**
 -dontwarn android.support.v4.**
 -keep enum com.facebook.**
 -keepattributes Exceptions,InnerClasses,Signature
 -keepattributes *Annotation*
 -keepattributes SourceFile,LineNumberTable
 
 -dontskipnonpubliclibraryclassmembers

 -keep public interface com.facebook.**
 -keep public interface com.tencent.**
 -keep public interface com.umeng.socialize.**
 -keep public interface com.umeng.socialize.sensor.**
 -keep public interface com.umeng.scrshot.**

 -keep public class com.umeng.socialize.* {*;}

 -keep class com.facebook.**
 -keep class com.facebook.** { *; }
 -keep class com.umeng.scrshot.**
 -keep public class com.tencent.** {*;}
 -keep class com.umeng.socialize.sensor.**
 -keep class com.umeng.socialize.handler.**
 -keep class com.umeng.socialize.handler.*
 -keep class com.tencent.mm.sdk.modelmsg.WXMediaMessage {*;}
 -keep class com.tencent.mm.sdk.modelmsg.** implements com.tencent.mm.sdk.modelmsg.WXMediaMessage$IMediaObject {*;}
 
 -keep class com.jiqu.database.** implements de.greenrobot.dao.AbstractDao{*;}

 -keep class im.yixin.sdk.api.YXMessage {*;}
 -keep class im.yixin.sdk.api.** implements im.yixin.sdk.api.YXMessage$YXMessageData{*;}
 
 -keepclassmembers class * {
   	public <init> (org.json.JSONObject);
 }
 
 -keep public class com.vr.store.R$*{
 	public static final int *;
 }
 
 -keepclassmembers enum * {
    public static **[] values();
    public static ** valueOf(java.lang.String);
 }

 -dontwarn twitter4j.**
 -keep class twitter4j.** { *; }

 -keep class com.tencent.** {*;}
 -dontwarn com.tencent.**
 -keep public class com.umeng.soexample.R$*{
     public static final int *;
 }
 -keep public class com.umeng.soexample.R$*{
     public static final int *;
 }
 -keep class com.tencent.open.TDialog$*
 -keep class com.tencent.open.TDialog$* {*;}
 -keep class com.tencent.open.PKDialog
 -keep class com.tencent.open.PKDialog {*;}
 -keep class com.tencent.open.PKDialog$*
 -keep class com.tencent.open.PKDialog$* {*;}

 -keep class com.sina.** {*;}
 -dontwarn com.sina.**
 -keep class  com.alipay.share.sdk.** {
    *;
 }
 -keepnames class * implements android.os.Parcelable {
     public static final ** CREATOR;
 }

 -keep class com.linkedin.** { *; }
 -keepattributes Signature
 
 -dontwarn com.alibaba.fastjson.** 
 -keep class com.alibaba.fastjson.** {*;}
 -libraryjars libs/fastjson-1.2.8.jar
 
 -keep class com.jiqu.object.**{*;}
 
 -keep class com.jiqu.tools.UIUtil{*;}
 -dontwarn android.provider.DocumentsContract
 -keep class android.provider.DocumentsContract{*;}
 
 -dontwarn com.linkedin.android.mobilesdk.R$*
 -keep class com.linkedin.android.mobilesdk.R$*{
 	public static final int *;
 }
 
 -dontwarn com.linkedin.android.mobilesdk.R
 -keep class com.linkedin.android.mobilesdk.R
 
 -dontwarn com.android.volley.NetworkDispatcher
 -keep class com.android.volley.NetworkDispatcher{*;}
 -keep class com.android.volley.**
 -libraryjars libs/volley.jar
 
 -dontwarn com.jiqu.view.AnimDownloadProgressButton
 -keep class com.jiqu.view.AnimDownloadProgressButton{
 	*;
 }
 
 -dontwarn com.jiqu.view.HeaderGridView
 -keep class com.jiqu.view.HeaderGridView{*;}
 
 -keep class com.jiqu.database.DaoMaster{*;}
 -keep class com.jiqu.database.DaoMaster.**{*;}
 -keep class com.jiqu.database.DownloadAppinfoDao{*;}
 -keep class com.jiqu.database.**
 
 -libraryjars libs/greendao-2.1.0.jar
 -libraryjars libs/android-support-v4.jar
 -libraryjars libs/calligraphy-1.2.0.jar
 -libraryjars libs/zip4j_1.3.2.jar
 -libraryjars lib/android.jar
 -libraryjars libs/analytics-5.6.1.jar
 
 
-dontwarn com.ut.mini.**
-dontwarn okio.**
-dontwarn com.xiaomi.**
-dontwarn com.squareup.wire.**
-dontwarn android.support.v4.**
-dontwarn org.android.agoo.**
-dontskipnonpubliclibraryclassmembers
    
-keepattributes *Annotation*
    
-keep class android.support.v4.** { *; }
-keep interface android.support.v4.app.** { *; }
    
-keep class okio.** {*;}
-keep class com.squareup.wire.** {*;}
    
-keep class com.umeng.message.protobuffer.* {
	 public <fields>;
         public <methods>;
}
	
-keep class com.umeng.message.* {
	 public <fields>;
         public <methods>;
}

-keep class org.android.agoo.impl.* {
	 public <fields>;
         public <methods>;
}

-keep class org.android.agoo.service.* {*;}

-keep class org.android.spdy.**{*;}

-keep public class **.R$*{
    public static final int *;
}

-dontwarn org.apache.http.**
-dontwarn android.webkit.**
-keep class org.apache.http.** { *; }
-keep class org.apache.commons.codec.** { *; }
-keep class org.apache.commons.logging.** { *; }
-keep class android.net.compatibility.** { *; }
-keep class android.net.http.** { *; }