proguard/seeds.txt
com.vr.store.R$anim
com.vr.store.R$anim: int clear_img_anim
com.vr.store.R$anim: int clear_small_img_anim
com.vr.store.R$anim: int item_delete_anim
com.vr.store.R$anim: int push_left_in_anim
com.vr.store.R$anim: int push_left_out_anim
com.vr.store.R$anim: int push_right_in_anim
com.vr.store.R$anim: int push_right_out_anim
com.vr.store.R$anim: int reverse_anim
com.vr.store.R$anim: int rotating
com.vr.store.R$anim: int umeng_socialize_fade_in
com.vr.store.R$anim: int umeng_socialize_fade_out
com.vr.store.R$anim: int umeng_socialize_shareboard_animation_in
com.vr.store.R$anim: int umeng_socialize_shareboard_animation_out
com.vr.store.R$anim: int umeng_socialize_slide_in_from_bottom
com.vr.store.R$anim: int umeng_socialize_slide_out_from_bottom
com.vr.store.R$anim: int wating_rorating
com.vr.store.R$array
com.vr.store.R$array: int gender
com.vr.store.R$attr
com.vr.store.R$attr: int autoplay
com.vr.store.R$attr: int background
com.vr.store.R$attr: int civ_border_color
com.vr.store.R$attr: int civ_border_overlay
com.vr.store.R$attr: int civ_border_width
com.vr.store.R$attr: int civ_fill_color
com.vr.store.R$attr: int com_facebook_auxiliary_view_position
com.vr.store.R$attr: int com_facebook_confirm_logout
com.vr.store.R$attr: int com_facebook_foreground_color
com.vr.store.R$attr: int com_facebook_horizontal_alignment
com.vr.store.R$attr: int com_facebook_is_cropped
com.vr.store.R$attr: int com_facebook_login_text
com.vr.store.R$attr: int com_facebook_logout_text
com.vr.store.R$attr: int com_facebook_object_id
com.vr.store.R$attr: int com_facebook_object_type
com.vr.store.R$attr: int com_facebook_preset_size
com.vr.store.R$attr: int com_facebook_style
com.vr.store.R$attr: int com_facebook_tooltip_mode
com.vr.store.R$attr: int dotsColor
com.vr.store.R$attr: int editAble
com.vr.store.R$attr: int fontPath
com.vr.store.R$attr: int foreground
com.vr.store.R$attr: int imgBg
com.vr.store.R$attr: int isAutoCheckUpdate
com.vr.store.R$attr: int isCheckUpdate
com.vr.store.R$attr: int isNext
com.vr.store.R$attr: int isThreadPool
com.vr.store.R$attr: int jumpHeight
com.vr.store.R$attr: int max
com.vr.store.R$attr: int period
com.vr.store.R$attr: int progress
com.vr.store.R$attr: int progressbtn_backgroud_color
com.vr.store.R$attr: int progressbtn_backgroud_second_color
com.vr.store.R$attr: int progressbtn_radius
com.vr.store.R$color
com.vr.store.R$color: int battery_item_bg_color
com.vr.store.R$color: int black
com.vr.store.R$color: int blue
com.vr.store.R$color: int bottomBgColor
com.vr.store.R$color: int bottomFocus
com.vr.store.R$color: int com_facebook_blue
com.vr.store.R$color: int com_facebook_button_background_color
com.vr.store.R$color: int com_facebook_button_background_color_disabled
com.vr.store.R$color: int com_facebook_button_background_color_pressed
com.vr.store.R$color: int com_facebook_button_like_background_color_selected
com.vr.store.R$color: int com_facebook_button_login_silver_background_color
com.vr.store.R$color: int com_facebook_button_login_silver_background_color_pressed
com.vr.store.R$color: int com_facebook_button_send_background_color
com.vr.store.R$color: int com_facebook_button_send_background_color_pressed
com.vr.store.R$color: int com_facebook_likeboxcountview_border_color
com.vr.store.R$color: int com_facebook_likeboxcountview_text_color
com.vr.store.R$color: int com_facebook_likeview_text_color
com.vr.store.R$color: int com_facebook_share_button_text_color
com.vr.store.R$color: int detailControl
com.vr.store.R$color: int gray
com.vr.store.R$color: int green
com.vr.store.R$color: int headlineColor
com.vr.store.R$color: int headlineContentBg
com.vr.store.R$color: int informationListGameColor
com.vr.store.R$color: int informationListTimeColor
com.vr.store.R$color: int itemBgColor
com.vr.store.R$color: int itemColor
...
android.support.v4.widget.CursorAdapter
android.support.v4.widget.CursorAdapter: boolean mDataValid
android.support.v4.widget.CursorAdapter: boolean mAutoRequery
android.support.v4.widget.CursorAdapter: android.database.Cursor mCursor
android.support.v4.widget.CursorAdapter: android.content.Context mContext
android.support.v4.widget.CursorAdapter: int mRowIDColumn
android.support.v4.widget.CursorAdapter: android.support.v4.widget.CursorAdapter$ChangeObserver mChangeObserver
android.support.v4.widget.CursorAdapter: android.database.DataSetObserver mDataSetObserver
android.support.v4.widget.CursorAdapter: android.support.v4.widget.CursorFilter mCursorFilter
android.support.v4.widget.CursorAdapter: android.widget.FilterQueryProvider mFilterQueryProvider
android.support.v4.widget.CursorAdapter: int FLAG_AUTO_REQUERY
android.support.v4.widget.CursorAdapter: int FLAG_REGISTER_CONTENT_OBSERVER
android.support.v4.widget.CursorAdapter: CursorAdapter(android.content.Context,android.database.Cursor)
android.support.v4.widget.CursorAdapter: CursorAdapter(android.content.Context,android.database.Cursor,boolean)
android.support.v4.widget.CursorAdapter: CursorAdapter(android.content.Context,android.database.Cursor,int)
android.support.v4.widget.CursorAdapter: void init(android.content.Context,android.database.Cursor,boolean)
android.support.v4.widget.CursorAdapter: void init(android.content.Context,android.database.Cursor,int)
android.support.v4.widget.CursorAdapter$1
android.support.v4.widget.CursorAdapter$ChangeObserver
android.support.v4.widget.CursorAdapter$ChangeObserver: android.support.v4.widget.CursorAdapter this$0
android.support.v4.widget.CursorAdapter$ChangeObserver: CursorAdapter$ChangeObserver(android.support.v4.widget.CursorAdapter)
android.support.v4.widget.CursorAdapter$ChangeObserver: boolean deliverSelfNotifications()
android.support.v4.widget.CursorAdapter$ChangeObserver: void onChange(boolean)
android.support.v4.widget.CursorAdapter$MyDataSetObserver
android.support.v4.widget.CursorAdapter$MyDataSetObserver: android.support.v4.widget.CursorAdapter this$0
android.support.v4.widget.CursorAdapter$MyDataSetObserver: CursorAdapter$MyDataSetObserver(android.support.v4.widget.CursorAdapter)
android.support.v4.widget.CursorAdapter$MyDataSetObserver: void onChanged()
android.support.v4.widget.CursorAdapter$MyDataSetObserver: void onInvalidated()
android.support.v4.widget.CursorAdapter$MyDataSetObserver: CursorAdapter$MyDataSetObserver(android.support.v4.widget.CursorAdapter,android.support.v4.widget.CursorAdapter$1)
android.support.v4.widget.CursorFilter
android.support.v4.widget.CursorFilter: android.support.v4.widget.CursorFilter$CursorFilterClient mClient
android.support.v4.widget.CursorFilter: CursorFilter(android.support.v4.widget.CursorFilter$CursorFilterClient)
android.support.v4.widget.CursorFilter: java.lang.CharSequence convertResultToString(java.lang.Object)
android.support.v4.widget.CursorFilter: android.widget.Filter$FilterResults performFiltering(java.lang.CharSequence)
android.support.v4.widget.CursorFilter: void publishResults(java.lang.CharSequence,android.widget.Filter$FilterResults)
android.support.v4.widget.CursorFilter$CursorFilterClient
android.support.v4.widget.CursorFilter$CursorFilterClient: java.lang.CharSequence convertToString(android.database.Cursor)
android.support.v4.widget.CursorFilter$CursorFilterClient: android.database.Cursor runQueryOnBackgroundThread(java.lang.CharSequence)
android.support.v4.widget.CursorFilter$CursorFilterClient: android.database.Cursor getCursor()
android.support.v4.widget.CursorFilter$CursorFilterClient: void changeCursor(android.database.Cursor)