proguard/mapping.txt
com.vr.store.BuildConfig -> com.vr.store.a:
    boolean DEBUG -> a
com.vr.store.R -> com.vr.store.R:
com.vr.store.R$anim -> com.vr.store.R$anim:
    int clear_img_anim -> clear_img_anim
    int clear_small_img_anim -> clear_small_img_anim
    int item_delete_anim -> item_delete_anim
    int push_left_in_anim -> push_left_in_anim
    int push_left_out_anim -> push_left_out_anim
    int push_right_in_anim -> push_right_in_anim
    int push_right_out_anim -> push_right_out_anim
    int reverse_anim -> reverse_anim
    int rotating -> rotating
    int umeng_socialize_fade_in -> umeng_socialize_fade_in
    int umeng_socialize_fade_out -> umeng_socialize_fade_out
    int umeng_socialize_shareboard_animation_in -> umeng_socialize_shareboard_animation_in
    int umeng_socialize_shareboard_animation_out -> umeng_socialize_shareboard_animation_out
    int umeng_socialize_slide_in_from_bottom -> umeng_socialize_slide_in_from_bottom
    int umeng_socialize_slide_out_from_bottom -> umeng_socialize_slide_out_from_bottom
    int wating_rorating -> wating_rorating
com.vr.store.R$array -> com.vr.store.R$array:
    int gender -> gender
com.vr.store.R$attr -> com.vr.store.R$attr:
    int autoplay -> autoplay
    int background -> background
    int civ_border_color -> civ_border_color
    int civ_border_overlay -> civ_border_overlay
    int civ_border_width -> civ_border_width
    int civ_fill_color -> civ_fill_color
    int com_facebook_auxiliary_view_position -> com_facebook_auxiliary_view_position
    int com_facebook_confirm_logout -> com_facebook_confirm_logout
    int com_facebook_foreground_color -> com_facebook_foreground_color
    int com_facebook_horizontal_alignment -> com_facebook_horizontal_alignment
    int com_facebook_is_cropped -> com_facebook_is_cropped
    int com_facebook_login_text -> com_facebook_login_text
    int com_facebook_logout_text -> com_facebook_logout_text
    int com_facebook_object_id -> com_facebook_object_id
    int com_facebook_object_type -> com_facebook_object_type
    int com_facebook_preset_size -> com_facebook_preset_size
    int com_facebook_style -> com_facebook_style
    int com_facebook_tooltip_mode -> com_facebook_tooltip_mode
    int dotsColor -> dotsColor
    int editAble -> editAble
    int fontPath -> fontPath
    int foreground -> foreground
    int imgBg -> imgBg
    int isAutoCheckUpdate -> isAutoCheckUpdate
    int isCheckUpdate -> isCheckUpdate
    int isNext -> isNext
    int isThreadPool -> isThreadPool
    int jumpHeight -> jumpHeight
    int max -> max
    int period -> period
    int progress -> progress
...
com.facebook.share.internal.LikeActionController$SerializeToDiskWorkItem -> com.facebook.share.internal.LikeActionController$SerializeToDiskWorkItem:
    java.lang.String cacheKey -> cacheKey
    java.lang.String controllerJson -> controllerJson
    1659:1660:void run() -> run
com.facebook.share.internal.LikeBoxCountView -> com.facebook.share.internal.LikeBoxCountView:
    android.widget.TextView likeCountLabel -> likeCountLabel
    com.facebook.share.internal.LikeBoxCountView$LikeBoxCountViewCaretPosition caretPosition -> caretPosition
    float caretHeight -> caretHeight
    float caretWidth -> caretWidth
    float borderRadius -> borderRadius
    android.graphics.Paint borderPaint -> borderPaint
    int textPadding -> textPadding
    int additionalTextPadding -> additionalTextPadding
    com.umeng.socialize.common.ResContainer R -> R
    74:75:void setText(java.lang.String) -> setText
    82:101:void setCaretPosition(com.facebook.share.internal.LikeBoxCountView$LikeBoxCountViewCaretPosition) -> setCaretPosition
    105:126:void onDraw(android.graphics.Canvas) -> onDraw
    129:146:void initialize(android.content.Context) -> initialize
    149:164:void initializeLikeCountLabel(android.content.Context) -> initializeLikeCountLabel
    167:172:void setAdditionalTextPadding(int,int,int,int) -> setAdditionalTextPadding
    175:232:void drawBorder(android.graphics.Canvas,float,float,float,float) -> drawBorder
com.facebook.share.internal.LikeBoxCountView$1 -> com.facebook.share.internal.LikeBoxCountView$1:
    int[] $SwitchMap$com$facebook$share$internal$LikeBoxCountView$LikeBoxCountViewCaretPosition -> $SwitchMap$com$facebook$share$internal$LikeBoxCountView$LikeBoxCountViewCaretPosition
com.facebook.share.internal.LikeBoxCountView$LikeBoxCountViewCaretPosition -> com.facebook.share.internal.LikeBoxCountView$LikeBoxCountViewCaretPosition:
    com.facebook.share.internal.LikeBoxCountView$LikeBoxCountViewCaretPosition LEFT -> LEFT
    com.facebook.share.internal.LikeBoxCountView$LikeBoxCountViewCaretPosition TOP -> TOP
    com.facebook.share.internal.LikeBoxCountView$LikeBoxCountViewCaretPosition RIGHT -> RIGHT
    com.facebook.share.internal.LikeBoxCountView$LikeBoxCountViewCaretPosition BOTTOM -> BOTTOM
    com.facebook.share.internal.LikeBoxCountView$LikeBoxCountViewCaretPosition[] $VALUES -> $VALUES
    40:40:com.facebook.share.internal.LikeBoxCountView$LikeBoxCountViewCaretPosition[] values() -> values
    40:40:com.facebook.share.internal.LikeBoxCountView$LikeBoxCountViewCaretPosition valueOf(java.lang.String) -> valueOf
com.facebook.share.internal.LikeButton -> com.facebook.share.internal.LikeButton:
    43:45:void setSelected(boolean) -> setSelected
    53:55:void configureButton(android.content.Context,android.util.AttributeSet,int,int) -> configureButton
    59:59:int getDefaultStyleResource() -> getDefaultStyleResource
    64:73:void updateForLikeStatus() -> updateForLikeStatus
com.facebook.share.internal.LikeContent -> com.facebook.share.internal.LikeContent:
    java.lang.String objectId -> objectId
    java.lang.String objectType -> objectType
    56:56:java.lang.String getObjectId() -> getObjectId
    65:65:java.lang.String getObjectType() -> getObjectType
    69:69:int describeContents() -> describeContents
    73:75:void writeToParcel(android.os.Parcel,int) -> writeToParcel
com.facebook.share.internal.LikeContent$1 -> com.facebook.share.internal.LikeContent$1: